<?xml version='1.0' encoding='UTF-8'?>
<testsuite hostname="Kobe" name="ElementSpec" tests="3" errors="0" failures="0" skipped="0" time="0.03" timestamp="2018-11-17T16:36:23">
                     <properties>
[...]
</properties>
                     <testcase classname="ElementSpec" name="A UniformElement should have a width equal to the passed value" time="0.026">
                                                 
                                               </testcase><testcase classname="ElementSpec" name="A UniformElement should have a height equal to the passed value" time="0.0">
                                                 
                                               </testcase><testcase classname="ElementSpec" name="A UniformElement should throw an IAE if passed a negative width" time="0.004">
                                                 
                                               </testcase>
                     <system-out><![CDATA[]]></system-out>
                     <system-err><![CDATA[]]></system-err>
                   </testsuite>